<?xml version="1.0" encoding="UTF-8"?>
<testng-results ignored="0" total="1" passed="1" failed="0" skipped="0">
  <reporter-output>
  </reporter-output>
  <suite started-at="2025-01-23T15:24:32 IST" name="Surefire suite" finished-at="2025-01-23T15:24:34 IST" duration-ms="1729">
    <groups>
    </groups>
    <test started-at="2025-01-23T15:24:32 IST" name="Surefire test" finished-at="2025-01-23T15:24:34 IST" duration-ms="1729">
      <class name="com.example.restassured.nonBDD.getreq">
        <test-method signature="putEmployee()[pri:0, instance:com.example.restassured.nonBDD.getreq@376b4233]" started-at="2025-01-23T15:24:32 IST" name="putEmployee" finished-at="2025-01-23T15:24:34 IST" duration-ms="1664" status="PASS">
          <reporter-output>
          </reporter-output>
        </test-method> <!-- putEmployee -->
      </class> <!-- com.example.restassured.nonBDD.getreq -->
    </test> <!-- Surefire test -->
  </suite> <!-- Surefire suite -->
</testng-results>
