<?xml version="1.0" encoding="UTF-8"?>
<!-- Generated by org.testng.reporters.JUnitXMLReporter -->
<testsuite ignored="2" hostname="hostname" failures="0" tests="1" name="Surefire test" time="1.729" errors="0" timestamp="2025-01-23T15:24:34 IST">
  <testcase classname="com.example.restassured.nonBDD.getreq" name="putEmployee" time="1.664"/>
  <testcase classname="com.example.restassured.nonBDD.getreq" name="getAllEmployee" time="0.0">
    <ignored/>
  </testcase> <!-- getAllEmployee -->
  <testcase classname="com.example.restassured.nonBDD.getreq" name="postOneEmployee" time="0.0">
    <ignored/>
  </testcase> <!-- postOneEmployee -->
</testsuite> <!-- Surefire test -->
